<?xml version="1.0" encoding="utf-8"?><testsuites name="pytest tests"><testsuite name="pytest" errors="0" failures="0" skipped="0" tests="30" time="3.275" timestamp="2026-07-07T05:41:01.586107+00:00" hostname="agent-env-c3e771a6-d74d-4baf-a99b-ba78c4183d16"><testcase classname="tests.backend_test.TestVehicles" name="test_list_seeded" time="0.622" /><testcase classname="tests.backend_test.TestReports" name="test_export_csv[daily]" time="0.666" /><testcase classname="tests.backend_test.TestVehicles" name="test_filter_status" time="0.054" /><testcase classname="tests.backend_test.TestReports" name="test_export_csv[weekly]" time="0.043" /><testcase classname="tests.backend_test.TestVehicles" name="test_search_query" time="0.129" /><testcase classname="tests.backend_test.TestReports" name="test_export_csv[monthly]" time="0.045" /><testcase classname="tests.backend_test.TestReports" name="test_export_xlsx[daily]" time="0.251" /><testcase classname="tests.backend_test.TestVehicles" name="test_crud_flow" time="0.453" /><testcase classname="tests.backend_test.TestReports" name="test_export_xlsx[weekly]" time="0.052" /><testcase classname="tests.backend_test.TestReports" name="test_export_xlsx[monthly]" time="0.053" /><testcase classname="tests.backend_test.TestReports" name="test_export_pdf[daily]" time="0.146" /><testcase classname="tests.backend_test.TestVehicles" name="test_vehicles_unauth" time="0.092" /><testcase classname="tests.backend_test.TestReports" name="test_export_pdf[weekly]" time="0.050" /><testcase classname="tests.backend_test.TestReports" name="test_export_pdf[monthly]" time="0.124" /><testcase classname="tests.backend_test.TestAuth" name="test_login_success" time="0.360" /><testcase classname="tests.backend_test.TestReports" name="test_reports_unauth" time="0.278" /><testcase classname="tests.backend_test.TestAuth" name="test_login_wrong_password" time="0.266" /><testcase classname="tests.backend_test.TestUsers" name="test_list_users" time="0.267" /><testcase classname="tests.backend_test.TestAuth" name="test_me_with_cookies" time="0.044" /><testcase classname="tests.backend_test.TestUsers" name="test_create_and_delete_user" time="0.316" /><testcase classname="tests.backend_test.TestAuth" name="test_me_without_auth" time="0.229" /><testcase classname="tests.backend_test.TestSettings" name="test_get_settings_defaults" time="0.045" /><testcase classname="tests.backend_test.TestUsers" name="test_cannot_delete_self" time="0.130" /><testcase classname="tests.backend_test.TestSettings" name="test_update_settings" time="0.089" /><testcase classname="tests.backend_test.TestSettings" name="test_settings_unauth" time="0.117" /><testcase classname="tests.backend_test.TestUsers" name="test_users_unauth" time="0.136" /><testcase classname="tests.backend_test.TestAnalytics" name="test_overview" time="0.108" /><testcase classname="tests.backend_test.TestDashboard" name="test_dashboard_stats_shape" time="0.051" /><testcase classname="tests.backend_test.TestAnalytics" name="test_analytics_unauth" time="0.095" /><testcase classname="tests.backend_test.TestDashboard" name="test_dashboard_stats_unauth" time="0.148" /></testsuite></testsuites>