<?xml version="1.0" encoding="utf-8"?><testsuites name="pytest tests"><testsuite name="pytest" errors="0" failures="0" skipped="0" tests="44" time="5.517" timestamp="2026-07-07T11:28:31.436260+00:00" hostname="agent-env-c3e771a6-d74d-4baf-a99b-ba78c4183d16"><testcase classname="tests.backend_test.TestSearchAndDetail" name="test_search_matches_by_plate" time="0.751" /><testcase classname="tests.backend_test.TestSearchAndDetail" name="test_search_by_customer_id" time="0.054" /><testcase classname="tests.backend_test.TestVisitSessions" name="test_entry_creates_new_session_and_master" time="0.907" /><testcase classname="tests.backend_test.TestSearchAndDetail" name="test_search_by_owner_name" time="0.047" /><testcase classname="tests.backend_test.TestSearchAndDetail" name="test_search_by_phone" time="0.045" /><testcase classname="tests.backend_test.TestSearchAndDetail" name="test_master_detail_showcase" time="0.051" /><testcase classname="tests.backend_test.TestVisitSessions" name="test_exit_closes_latest_active_session_only" time="0.433" /><testcase classname="tests.backend_test.TestSearchAndDetail" name="test_master_sessions_today_exact" time="0.044" /><testcase classname="tests.backend_test.TestSearchAndDetail" name="test_master_sessions_ranges" time="0.274" /><testcase classname="tests.backend_test.TestSearchAndDetail" name="test_master_sessions_custom_range" time="0.052" /><testcase classname="tests.backend_test.TestSearchAndDetail" name="test_master_detail_404" time="0.042" /><testcase classname="tests.backend_test.TestVisitSessions" name="test_exit_no_active_returns_404" time="0.092" /><testcase classname="tests.backend_test.TestSearchAndDetail" name="test_master_patch" time="0.096" /><testcase classname="tests.backend_test.TestVisitSessions" name="test_entry_exit_immutability" time="0.235" /><testcase classname="tests.backend_test.TestSearchAndDetail" name="test_master_patch_404" time="0.044" /><testcase classname="tests.backend_test.TestSearchAndDetail" name="test_search_unauth" time="0.167" /><testcase classname="tests.backend_test.TestVisitSessions" name="test_entry_unauth" time="0.102" /><testcase classname="tests.backend_test.TestSearchAndDetail" name="test_master_unauth" time="0.176" /><testcase classname="tests.backend_test.TestVisitSessions" name="test_exit_unauth" time="0.114" /><testcase classname="tests.backend_test.TestVisitsExport" name="test_per_vehicle[csv-text/csv-None]" time="0.049" /><testcase classname="tests.backend_test.TestLegacyVehicles" name="test_list_seeded" time="0.841" /><testcase classname="tests.backend_test.TestVisitsExport" name="test_per_vehicle[xlsx-spreadsheetml-PK]" time="0.508" /><testcase classname="tests.backend_test.TestVisitsExport" name="test_per_vehicle[pdf-application/pdf-%PDF]" time="0.164" /><testcase classname="tests.backend_test.TestVisitsExport" name="test_all_vehicles_export_csv" time="0.163" /><testcase classname="tests.backend_test.TestLegacyVehicles" name="test_filter_status_inside" time="0.051" /><testcase classname="tests.backend_test.TestVisitsExport" name="test_invalid_format" time="1.308" /><testcase classname="tests.backend_test.TestLegacyVehicles" name="test_search_query" time="0.093" /><testcase classname="tests.backend_test.TestLegacyVehicles" name="test_crud_flow" time="0.294" /><testcase classname="tests.backend_test.TestVisitSessionsList" name="test_active_status_filter" time="0.051" /><testcase classname="tests.backend_test.TestVisitSessionsList" name="test_inside_status_alias" time="0.071" /><testcase classname="tests.backend_test.TestVisitSessionsList" name="test_unauth" time="0.124" /><testcase classname="tests.backend_test.TestReportsExport" name="test_export[csv-text/csv-None]" time="0.096" /><testcase classname="tests.backend_test.TestReportsExport" name="test_export[xlsx-spreadsheetml-PK]" time="0.106" /><testcase classname="tests.backend_test.TestReportsExport" name="test_export[pdf-application/pdf-%PDF]" time="0.114" /><testcase classname="tests.backend_test.TestDashboard" name="test_dashboard_stats_shape" time="0.075" /><testcase classname="tests.backend_test.TestDashboard" name="test_unauth" time="0.134" /><testcase classname="tests.backend_test.TestAnalytics" name="test_overview" time="0.161" /><testcase classname="tests.backend_test.TestVisitsExport" name="test_unauth" time="0.119" /><testcase classname="tests.backend_test.TestAnalytics" name="test_unauth" time="0.107" /><testcase classname="tests.backend_test.TestAuth" name="test_login_success" time="0.321" /><testcase classname="tests.backend_test.TestUsers" name="test_list_users" time="0.266" /><testcase classname="tests.backend_test.TestSettings" name="test_get_settings" time="0.271" /><testcase classname="tests.backend_test.TestAuth" name="test_login_wrong_password" time="0.266" /><testcase classname="tests.backend_test.TestAuth" name="test_me_with_cookies" time="0.049" /></testsuite></testsuites>