<?xml version="1.0" encoding="utf-8"?><testsuites name="pytest tests"><testsuite name="pytest" errors="0" failures="0" skipped="0" tests="13" time="22.691" timestamp="2026-08-21T19:00:08.874897+00:00" hostname="agent-env-c3e771a6-d74d-4baf-a99b-ba78c4183d16"><testcase classname="tests.test_fixes_iter3.TestCameraPipelineSmoke" name="test_a_connect_camera_to_fixture" time="4.406" /><testcase classname="tests.test_fixes_iter3.TestFix1ReportQuery" name="test_known_periods[daily-csv-None]" time="1.034" /><testcase classname="tests.test_fixes_iter3.TestFix1ReportQuery" name="test_known_periods[weekly-xlsx-PK]" time="0.364" /><testcase classname="tests.test_fixes_iter3.TestFix1ReportQuery" name="test_known_periods[monthly-pdf-%PDF]" time="0.410" /><testcase classname="tests.test_fixes_iter3.TestFix1ReportQuery" name="test_unknown_period_falls_through_no_nameerror" time="2.500" /><testcase classname="tests.test_fixes_iter3.TestFix1ReportQuery" name="test_gibberish_period" time="1.765" /><testcase classname="tests.test_fixes_iter3.TestCameraPipelineSmoke" name="test_b_ws_camera_streams_binary_jpeg" time="1.910" /><testcase classname="tests.test_fixes_iter3.TestAgentWs" name="test_agent_ws_rejects_invalid_secret" time="0.591" /><testcase classname="tests.test_fixes_iter3.TestCameraPipelineSmoke" name="test_c_ws_events_hello" time="0.373" /><testcase classname="tests.test_fixes_iter3.TestAgentWs" name="test_agent_ws_accepts_valid_secret" time="0.317" /><testcase classname="tests.test_fixes_iter3.TestCameraPipelineSmoke" name="test_d_ws_events_unauth" time="0.266" /><testcase classname="tests.test_fixes_iter3.TestCameraPipelineSmoke" name="test_e_disconnect_and_cleanup" time="0.206" /><testcase classname="tests.test_fixes_iter3.TestFix2PlatePipelineStability" name="test_auto_detection_endpoint_healthy" time="15.352" /></testsuite></testsuites>